C51 COMPILER V9.60.0.0   I2C                                                               08/01/2023 10:36:04 PAGE 1   


C51 COMPILER V9.60.0.0, COMPILATION OF MODULE I2C
OBJECT MODULE PLACED IN E:\RFID project\I2C.obj
COMPILER INVOKED BY: C:\Keil_v5\C51\BIN\C51.EXE I2C.c OPTIMIZE(8,SPEED) BROWSE DEBUG OBJECTEXTEND TABS(2) OBJECT(E:\RFID
                    - project\I2C.obj)

line level    source

   1          #include<reg52.h>
   2          
   3          #include"delay.h"
   4          
   5          sbit scl=P1^2;
   6          sbit sda=P1^3;
   7          
   8          void i2c_start()
   9          {
  10   1        scl=0;
  11   1        sda=1;
  12   1        scl=1;
  13   1        sda=0;
  14   1      }
  15          
  16          
  17          void i2c_stop()
  18          {
  19   1        scl=0;
  20   1        sda=0;
  21   1        scl=1;
  22   1        sda=1;
  23   1      }
  24          
  25          
  26          void i2c_ack()
  27          {
  28   1        scl=0;
  29   1        sda=1;
  30   1        scl=1;
  31   1        while(sda);
  32   1      }
  33          
  34          
  35          void i2c_noack()
  36          {
  37   1        scl=0;
  38   1        sda=1;
  39   1        scl=1;
  40   1      }
  41          
  42          
  43          void i2c_write(unsigned char dat)
  44          {
  45   1        unsigned char i;
  46   1        for(i=0;i<8;i++)
  47   1        {
  48   2          scl=0;
  49   2          sda=(dat&(0x80>>i))?1:0;
  50   2          scl=1;
  51   2        }
  52   1      
  53   1      }
  54          
C51 COMPILER V9.60.0.0   I2C                                                               08/01/2023 10:36:04 PAGE 2   

  55          
  56          unsigned char i2c_read()
  57          {
  58   1        unsigned char buff=0,i;
  59   1        for(i=0;i<8;i++)
  60   1        {   
  61   2          scl=0;
  62   2          scl=1;  
  63   2          if(sda)
  64   2            buff|=(0x80>>i);
  65   2        }
  66   1        return buff;
  67   1      }
  68          
  69          void i2c_device_write(unsigned char sa,unsigned char add,unsigned char dat)
  70          {
  71   1        i2c_start();
  72   1        i2c_write(sa);
  73   1        i2c_ack();
  74   1        i2c_write(add);
  75   1        i2c_ack();
  76   1        i2c_write(dat);
  77   1        i2c_ack();
  78   1        i2c_stop();
  79   1        delay_ms(10);
  80   1      }
  81          
  82          
  83          
  84          unsigned char i2c_device_read(unsigned char sa,unsigned char add)
  85          {
  86   1        unsigned char buff=0;
  87   1        i2c_start();
  88   1        i2c_write(sa);
  89   1        i2c_ack();
  90   1        i2c_write(add);
  91   1        i2c_ack();
  92   1        i2c_start();
  93   1        i2c_write(sa|1);
  94   1        i2c_ack();
  95   1        buff=i2c_read();
  96   1        i2c_noack();
  97   1        i2c_stop();
  98   1        return buff;
  99   1      }
 100          
 101          
 102          
 103          
 104          


MODULE INFORMATION:   STATIC OVERLAYABLE
   CODE SIZE        =    201    ----
   CONSTANT SIZE    =   ----    ----
   XDATA SIZE       =   ----    ----
   PDATA SIZE       =   ----    ----
   DATA SIZE        =   ----    ----
   IDATA SIZE       =   ----    ----
   BIT SIZE         =   ----    ----
END OF MODULE INFORMATION.


C51 COMPILATION COMPLETE.  0 WARNING(S),  0 ERROR(S)
