C51 COMPILER V9.60.0.0   KEYPAD                                                            08/01/2023 10:36:05 PAGE 1   


C51 COMPILER V9.60.0.0, COMPILATION OF MODULE KEYPAD
OBJECT MODULE PLACED IN E:\RFID project\keypad.obj
COMPILER INVOKED BY: C:\Keil_v5\C51\BIN\C51.EXE keypad.c OPTIMIZE(8,SPEED) BROWSE DEBUG OBJECTEXTEND TABS(2) OBJECT(E:\R
                    -FID project\keypad.obj)

line level    source

   1          #include<reg51.h>
   2          sbit r0=P2^0;
   3          sbit r1=P2^1;
   4          sbit r2=P2^2;
   5          sbit r3=P2^3;
   6          sbit c0=P2^4;
   7          sbit c1=P2^5;
   8          sbit c2=P2^6;
   9          sbit c3=P2^7;
  10          char row_val,col_val;
  11          /*char code Key_Val[][4]={0,1,2,3,
  12                     4,5,6,7,
  13                     8,9,10,11,
  14                     12,13,14,15};*/
  15          char code Key_Val[][4]={'1','2','3','a',
  16                        '4','5','6','b',
  17                        '7','8','9','c',
  18                        '*','0','#','d',};
  19          
  20          void Row_Init(void)
  21          {
  22   1        r0=r1=r2=r3=0;
  23   1      }
  24          /*bit IsKeyPress(void)
  25          {
  26            return(c0&c1&c2&c3);
  27          }*/
  28          char KeyValue(void)
  29          {
  30   1        Row_Init();
  31   1        while((c0&c1&c2&c3));//waiting for key Pressing
  32   1      
  33   1        r0=0;r1=r2=r3=1;
  34   1        if(!(c0&c1&c2&c3))
  35   1        {
  36   2          row_val=0;  
  37   2          goto col_check;     
  38   2        }
  39   1        r1=0;r0=r2=r3=1;
  40   1        if(!(c0&c1&c2&c3))
  41   1        {
  42   2          row_val=1;  
  43   2          goto col_check;   
  44   2        }
  45   1        r2=0;r0=r1=r3=1;
  46   1        if(!(c0&c1&c2&c3))
  47   1        {
  48   2          row_val=2;  
  49   2          goto col_check;   
  50   2        }
  51   1        r3=0;r0=r1=r2=1;
  52   1        if(!(c0&c1&c2&c3))
  53   1          row_val=3;  
  54   1          
C51 COMPILER V9.60.0.0   KEYPAD                                                            08/01/2023 10:36:05 PAGE 2   

  55   1      col_check:
  56   1        if(c0==0)
  57   1          col_val=0;
  58   1        else if(c1==0)
  59   1          col_val=1;
  60   1        else if(c2==0)
  61   1          col_val=2;
  62   1        else  
  63   1          col_val=3;
  64   1        while(!(c0&c1&c2&c3));//waiting for key release
  65   1        return(Key_Val[row_val][col_val]);
  66   1      }


MODULE INFORMATION:   STATIC OVERLAYABLE
   CODE SIZE        =    196    ----
   CONSTANT SIZE    =     16    ----
   XDATA SIZE       =   ----    ----
   PDATA SIZE       =   ----    ----
   DATA SIZE        =      2    ----
   IDATA SIZE       =   ----    ----
   BIT SIZE         =   ----    ----
END OF MODULE INFORMATION.


C51 COMPILATION COMPLETE.  0 WARNING(S),  0 ERROR(S)
