C51 COMPILER V9.60.0.0   UART                                                              08/01/2023 10:36:04 PAGE 1   


C51 COMPILER V9.60.0.0, COMPILATION OF MODULE UART
OBJECT MODULE PLACED IN E:\RFID project\uart.obj
COMPILER INVOKED BY: C:\Keil_v5\C51\BIN\C51.EXE uart.c OPTIMIZE(8,SPEED) BROWSE DEBUG OBJECTEXTEND TABS(2) OBJECT(E:\RFI
                    -D project\uart.obj)

line level    source

   1           /** compiler directives **/
   2          #include<reg52.h>
   3          
   4          /** global variables declaration **/
   5          bit r_flag,t_flag;
   6          unsigned char ch=0,k,rec_buff[25];
   7          
   8          
   9          /** serial interrupt routine **/
  10          void serial_int(void) interrupt 4
  11          {
  12   1        if(TI == 1) //if TI flag set
  13   1        { 
  14   2          t_flag = 1;
  15   2          TI = 0; //clear TI bit for identifying next character sending 
  16   2        }
  17   1        else if(RI==1) //if RI flag set
  18   1        {
  19   2          ch = SBUF;  //collect the received data byte
  20   2          if(ch == 0x03)
  21   2          {
  22   3            r_flag=1; //used for identifing the end of the string entry   
  23   3            rec_buff[k] = '\0';
  24   3            k=0;
  25   3          }
  26   2          else 
  27   2          {
  28   3            if(ch!=0x02)
  29   3            rec_buff[k++] = ch; //svae the collected byte in to buffer
  30   3          } 
  31   2          RI = 0; //claer RI bit to identify the next byte receive    
  32   2        }
  33   1      }
  34          
  35          /** uart initialization **/
  36          void uart_init(void)
  37          {
  38   1        TMOD = 0X20;  //timer1, mode2 (auto reloaded mode)
  39   1        SCON = 0X50;  //select standard UART mode (mode1) 
  40   1                //serial mode1, 8-bi data,1 stop bit,1 start bit 
  41   1        TH1 = 0XFD;   //9600 baudrate selection
  42   1        TR1 = 1;    //timer 1 on
  43   1        IE = 0X91;    //enable serial port interrupt
  44   1      }
  45          
  46          /** sending one character through uart **/
  47          /*void uart_tx(unsigned char dat)
  48          {
  49            t_flag = 0; //clear t_flag variable
  50            SBUF = dat; //place one byte data into SBUF register
  51            while(t_flag == 0); //waiting for transmit complete
  52          }*/
  53          
  54          /** send string through uart*/
C51 COMPILER V9.60.0.0   UART                                                              08/01/2023 10:36:04 PAGE 2   

  55          /*void uart_string(unsigned char *str)
  56          {
  57            while(*str) //sending character by character till null
  58              uart_tx(*str++);  //sending one character through uart
  59          }*/
  60          
  61          
  62          
  63          
  64          


MODULE INFORMATION:   STATIC OVERLAYABLE
   CODE SIZE        =     95    ----
   CONSTANT SIZE    =   ----    ----
   XDATA SIZE       =   ----    ----
   PDATA SIZE       =   ----    ----
   DATA SIZE        =     27    ----
   IDATA SIZE       =   ----    ----
   BIT SIZE         =      2    ----
END OF MODULE INFORMATION.


C51 COMPILATION COMPLETE.  0 WARNING(S),  0 ERROR(S)
